#
# A fatal error has been detected by the Java Runtime Environment:
#
#  SIGSEGV (0xb) at pc=0xb5922e3b, pid=28895, tid=3024423792
#
# JRE version: 6.0_20-b20
# Java VM: OpenJDK Client VM (19.0-b09 mixed mode, sharing linux-x86 )
# Derivative: IcedTea6 1.9.7
# Distribution: Ubuntu 10.10, package 6b20-1.9.7-0ubuntu1
# Problematic frame:
# J  javax.swing.UIDefaults.getFromResourceBundle(Ljava/lang/Object;Ljava/util/Locale;)Ljava/lang/Object;
#
# If you would like to submit a bug report, please include
# instructions how to reproduce the bug and visit:
#   https://bugs.launchpad.net/ubuntu/+source/openjdk-6/
#

---------------  T H R E A D  ---------------

Current thread (0xb4d47400):  JavaThread "Thread-2" [_thread_in_Java, id=28920, stack(0xb4400000,0xb4451000)]

siginfo:si_signo=SIGSEGV: si_errno=0, si_code=128 (), si_addr=0x00000000

Registers:
EAX=0x00000001, EBX=0x00000001, ECX=0x7ad129c8, EDX=0x7ad3f328
ESP=0xb444fa00, EBP=0xb444fac0, ESI=0x7ad129c8, EDI=0xb444fa18
EIP=0xb5922e3b, CR2=0xb778f100, EFLAGS=0x00210246

Register to memory mapping:

EAX=0x00000001
0x00000001 is pointing to unknown location

EBX=0x00000001
0x00000001 is pointing to unknown location

ECX=0x7ad129c8
javax.swing.UIDefaults 
 - klass: 'javax/swing/UIDefaults'

EDX=0x7ad3f328
java.util.Locale 
 - klass: 'java/util/Locale'

ESP=0xb444fa00
0xb444fa00 is pointing into the stack for thread: 0xb4d47400
"Thread-2" prio=10 tid=0xb4d47400 nid=0x70f8 runnable [0x00000000]
   java.lang.Thread.State: RUNNABLE

EBP=0xb444fac0
0xb444fac0 is pointing into the stack for thread: 0xb4d47400
"Thread-2" prio=10 tid=0xb4d47400 nid=0x70f8 runnable [0x00000000]
   java.lang.Thread.State: RUNNABLE

ESI=0x7ad129c8
javax.swing.UIDefaults 
 - klass: 'javax/swing/UIDefaults'

EDI=0xb444fa18
0xb444fa18 is pointing into the stack for thread: 0xb4d47400
"Thread-2" prio=10 tid=0xb4d47400 nid=0x70f8 runnable [0x00000000]
   java.lang.Thread.State: RUNNABLE


Top of Stack: (sp=0xb444fa00)
0xb444fa00:   00000001 7ad0cb38 7ad129c8 949dd688
0xb444fa10:   949dd688 7ad129c8 00000001 7ad129c8
0xb444fa20:   7ad31ce0 70705a60 b444fac0 b58f2e60
0xb444fa30:   00000000 7ad53d48 7ad0cb38 949dd688
0xb444fa40:   949dd688 7ad129c8 b444facc b58f2440
0xb444fa50:   70705a60 b444fa54 b444fac0 b591f790
0xb444fa60:   00000000 00000000 b444fa9c b5855f87
0xb444fa70:   7ad31d48 00000009 949dd688 7ad0cb38 

Instructions: (pc=0xb5922e3b)
0xb5922e2b:   58 01 00 00 8b d6 8b f1 8b ce 89 74 24 14 90 90
0xb5922e3b:   e8 d2 01 00 00 8b 54 24 10 83 fa 00 0f 84 0d 00 

Stack: [0xb4400000,0xb4451000],  sp=0xb444fa00,  free space=318k
Native frames: (J=compiled Java code, j=interpreted, Vv=VM code, C=native code)
J  javax.swing.UIDefaults.getFromResourceBundle(Ljava/lang/Object;Ljava/util/Locale;)Ljava/lang/Object;
j  javax.swing.UIManager.getBorder(Ljava/lang/Object;)Ljavax/swing/border/Border;+4
j  javax.swing.plaf.basic.BasicScrollPaneUI.installDefaults(Ljavax/swing/JScrollPane;)V+34
j  javax.swing.plaf.basic.BasicScrollPaneUI.installUI(Ljavax/swing/JComponent;)V+13
j  javax.swing.plaf.metal.MetalScrollPaneUI.installUI(Ljavax/swing/JComponent;)V+2
j  javax.swing.JComponent.setUI(Ljavax/swing/plaf/ComponentUI;)V+39
j  javax.swing.JScrollPane.setUI(Ljavax/swing/plaf/ScrollPaneUI;)V+2
j  javax.swing.JScrollPane.updateUI()V+8
j  javax.swing.JScrollPane.<init>(Ljava/awt/Component;II)V+86
j  javax.swing.plaf.basic.BasicComboPopup.createScroller()Ljavax/swing/JScrollPane;+12
j  javax.swing.plaf.basic.BasicComboPopup.<init>(Ljavax/swing/JComboBox;)V+69
j  javax.swing.plaf.basic.BasicComboBoxUI.createPopup()Ljavax/swing/plaf/basic/ComboPopup;+8
j  javax.swing.plaf.metal.MetalComboBoxUI.createPopup()Ljavax/swing/plaf/basic/ComboPopup;+1
j  javax.swing.plaf.basic.BasicComboBoxUI.installUI(Ljavax/swing/JComponent;)V+19
j  javax.swing.JComponent.setUI(Ljavax/swing/plaf/ComponentUI;)V+39
j  javax.swing.JComboBox.setUI(Ljavax/swing/plaf/ComboBoxUI;)V+2
j  javax.swing.JComboBox.updateUI()V+8
j  javax.swing.JComboBox.init()V+15
j  javax.swing.JComboBox.<init>()V+60
j  gui.ChooseFriend.initComponents()V+16
j  gui.ChooseFriend.<init>()V+16
j  gui.Friendlist.<init>()V+9
j  gui.nwkservice.parsemsg(Ljava/lang/String;)V+569
j  gui.nwkservice.access$200(Lgui/nwkservice;Ljava/lang/String;)V+2
j  gui.nwkservice$1.run()V+24
j  java.lang.Thread.run()V+11
v  ~StubRoutines::call_stub
V  [libjvm.so+0x209932]
V  [libjvm.so+0x30a509]
V  [libjvm.so+0x20886f]
V  [libjvm.so+0x2093ba]
V  [libjvm.so+0x209518]
V  [libjvm.so+0x253cdb]
V  [libjvm.so+0x3bb28c]
V  [libjvm.so+0x3bb352]
V  [libjvm.so+0x310f31]
C  [libpthread.so.0+0x5cc9]


---------------  P R O C E S S  ---------------

Java Threads: ( => current thread )
=>0xb4d47400 JavaThread "Thread-2" [_thread_in_Java, id=28920, stack(0xb4400000,0xb4451000)]
  0xb4d41c00 JavaThread "TimerQueue" daemon [_thread_blocked, id=28918, stack(0xb4451000,0xb44a2000)]
  0xb4d43000 JavaThread "DestroyJavaVM" [_thread_blocked, id=28898, stack(0xb7853000,0xb78a4000)]
  0x0988f800 JavaThread "AWT-EventQueue-0" [_thread_blocked, id=28916, stack(0xb4caf000,0xb4d00000)]
  0x0988f400 JavaThread "AWT-Shutdown" [_thread_blocked, id=28915, stack(0xb4e03000,0xb4e54000)]
  0x0987a000 JavaThread "AWT-XAWT" daemon [_thread_blocked, id=28909, stack(0xb4e54000,0xb4ea5000)]
  0x09834000 JavaThread "Java2D Disposer" daemon [_thread_blocked, id=28908, stack(0xb4f6f000,0xb4fc0000)]
  0x0978f400 JavaThread "Low Memory Detector" daemon [_thread_blocked, id=28906, stack(0xb5058000,0xb50a9000)]
  0x0978d800 JavaThread "CompilerThread0" daemon [_thread_blocked, id=28905, stack(0xb50a9000,0xb512a000)]
  0x0978bc00 JavaThread "Signal Dispatcher" daemon [_thread_blocked, id=28904, stack(0xb512a000,0xb517b000)]
  0x09784800 JavaThread "Finalizer" daemon [_thread_blocked, id=28903, stack(0xb52f3000,0xb5344000)]
  0x09783000 JavaThread "Reference Handler" daemon [_thread_blocked, id=28902, stack(0xb5344000,0xb5395000)]

Other Threads:
  0x09781400 VMThread [stack: 0xb5395000,0xb5416000] [id=28901]
  0x0979b400 WatcherThread [stack: 0xb4fd7000,0xb5058000] [id=28907]

VM state:synchronizing (normal execution)

VM Mutex/Monitor currently owned by a thread:  ([mutex/lock_event])
[0x09752088] Safepoint_lock - owner thread: 0x09781400
[0x097520f0] Threads_lock - owner thread: 0x09781400

Heap
 def new generation   total 4800K, used 609K [0x706c0000, 0x70bf0000, 0x7acc0000)
  eden space 4288K,   7% used [0x706c0000, 0x7070ec90, 0x70af0000)
  from space 512K,  57% used [0x70af0000, 0x70b39ab0, 0x70b70000)
  to   space 512K,   0% used [0x70b70000, 0x70b70000, 0x70bf0000)
 tenured generation   total 10624K, used 1577K [0x7acc0000, 0x7b720000, 0x8f8c0000)
   the space 10624K,  14% used [0x7acc0000, 0x7ae4a608, 0x7ae4a800, 0x7b720000)
 compacting perm gen  total 12288K, used 1505K [0x8f8c0000, 0x904c0000, 0x938c0000)
   the space 12288K,  12% used [0x8f8c0000, 0x8fa384c8, 0x8fa38600, 0x904c0000)
    ro space 10240K,  73% used [0x938c0000, 0x94018620, 0x94018800, 0x942c0000)
    rw space 12288K,  60% used [0x942c0000, 0x94a00f20, 0x94a01000, 0x94ec0000)

Dynamic libraries:
00110000-00117000 r-xp 00000000 08:02 395538     /lib/librt-2.12.1.so
00117000-00118000 r--p 00006000 08:02 395538     /lib/librt-2.12.1.so
00118000-00119000 rw-p 00007000 08:02 395538     /lib/librt-2.12.1.so
00119000-0011f000 r-xp 00000000 08:02 395529     /lib/libnss_compat-2.12.1.so
0011f000-00120000 r--p 00006000 08:02 395529     /lib/libnss_compat-2.12.1.so
00120000-00121000 rw-p 00007000 08:02 395529     /lib/libnss_compat-2.12.1.so
00121000-0012a000 r-xp 00000000 08:02 395533     /lib/libnss_nis-2.12.1.so
0012a000-0012b000 r--p 00008000 08:02 395533     /lib/libnss_nis-2.12.1.so
0012b000-0012c000 rw-p 00009000 08:02 395533     /lib/libnss_nis-2.12.1.so
0012c000-0012e000 r-xp 00000000 08:02 523001     /usr/lib/libXau.so.6.0.0
0012e000-0012f000 r--p 00001000 08:02 523001     /usr/lib/libXau.so.6.0.0
0012f000-00130000 rw-p 00002000 08:02 523001     /usr/lib/libXau.so.6.0.0
00130000-00133000 r-xp 00000000 08:02 539921     /usr/lib/jvm/java-6-openjdk/jre/lib/i386/jli/libjli.so
00133000-00134000 r--p 00002000 08:02 539921     /usr/lib/jvm/java-6-openjdk/jre/lib/i386/jli/libjli.so
00134000-00135000 rw-p 00003000 08:02 539921     /usr/lib/jvm/java-6-openjdk/jre/lib/i386/jli/libjli.so
00135000-0028c000 r-xp 00000000 08:02 395522     /lib/libc-2.12.1.so
0028c000-0028e000 r--p 00157000 08:02 395522     /lib/libc-2.12.1.so
0028e000-0028f000 rw-p 00159000 08:02 395522     /lib/libc-2.12.1.so
0028f000-00292000 rw-p 00000000 00:00 0 
00292000-00298000 r-xp 00000000 08:02 539917     /usr/lib/jvm/java-6-openjdk/jre/lib/i386/libzip.so
00298000-00299000 r--p 00005000 08:02 539917     /usr/lib/jvm/java-6-openjdk/jre/lib/i386/libzip.so
00299000-0029a000 rw-p 00006000 08:02 539917     /usr/lib/jvm/java-6-openjdk/jre/lib/i386/libzip.so
0029a000-002b2000 r-xp 00000000 08:02 523963     /usr/lib/libxcb.so.1.1.0
002b2000-002b3000 r--p 00017000 08:02 523963     /usr/lib/libxcb.so.1.1.0
002b3000-002b4000 rw-p 00018000 08:02 523963     /usr/lib/libxcb.so.1.1.0
002b4000-002d6000 r-xp 00000000 08:02 539912     /usr/lib/jvm/java-6-openjdk/jre/lib/i386/libjava.so
002d6000-002d7000 r--p 00021000 08:02 539912     /usr/lib/jvm/java-6-openjdk/jre/lib/i386/libjava.so
002d7000-002d9000 rw-p 00022000 08:02 539912     /usr/lib/jvm/java-6-openjdk/jre/lib/i386/libjava.so
002df000-002e3000 r-xp 00000000 08:02 523012     /usr/lib/libXdmcp.so.6.0.0
002e3000-002e4000 r--p 00003000 08:02 523012     /usr/lib/libXdmcp.so.6.0.0
002e4000-002e5000 rw-p 00004000 08:02 523012     /usr/lib/libXdmcp.so.6.0.0
002e5000-002ff000 r-xp 00000000 08:02 390996     /lib/libgcc_s.so.1
002ff000-00300000 r--p 00019000 08:02 390996     /lib/libgcc_s.so.1
00300000-00301000 rw-p 0001a000 08:02 390996     /lib/libgcc_s.so.1
00301000-00309000 r-xp 00000000 08:02 523008     /usr/lib/libXcursor.so.1.0.2
00309000-0030a000 r--p 00007000 08:02 523008     /usr/lib/libXcursor.so.1.0.2
0030a000-0030b000 rw-p 00008000 08:02 523008     /usr/lib/libXcursor.so.1.0.2
0030b000-00312000 r-xp 00000000 08:02 539916     /usr/lib/jvm/java-6-openjdk/jre/lib/i386/libnio.so
00312000-00313000 r--p 00006000 08:02 539916     /usr/lib/jvm/java-6-openjdk/jre/lib/i386/libnio.so
00313000-00314000 rw-p 00007000 08:02 539916     /usr/lib/jvm/java-6-openjdk/jre/lib/i386/libnio.so
0031d000-00323000 r-xp 00000000 08:02 539933     /usr/lib/jvm/java-6-openjdk/jre/lib/i386/native_threads/libhpi.so
00323000-00324000 r--p 00005000 08:02 539933     /usr/lib/jvm/java-6-openjdk/jre/lib/i386/native_threads/libhpi.so
00324000-00325000 rw-p 00006000 08:02 539933     /usr/lib/jvm/java-6-openjdk/jre/lib/i386/native_threads/libhpi.so
00325000-003a7000 r-xp 00000000 08:02 539915     /usr/lib/jvm/java-6-openjdk/jre/lib/i386/libawt.so
003a7000-003a8000 r--p 00081000 08:02 539915     /usr/lib/jvm/java-6-openjdk/jre/lib/i386/libawt.so
003a8000-003ae000 rw-p 00082000 08:02 539915     /usr/lib/jvm/java-6-openjdk/jre/lib/i386/libawt.so
003ae000-003d3000 rw-p 00000000 00:00 0 
003d3000-003e7000 r-xp 00000000 08:02 539948     /usr/lib/jvm/java-6-openjdk/jre/lib/i386/libnet.so
003e7000-003e8000 r--p 00013000 08:02 539948     /usr/lib/jvm/java-6-openjdk/jre/lib/i386/libnet.so
003e8000-003e9000 rw-p 00014000 08:02 539948     /usr/lib/jvm/java-6-openjdk/jre/lib/i386/libnet.so
0041d000-00421000 r-xp 00000000 08:02 523042     /usr/lib/libXtst.so.6.1.0
00421000-00422000 r--p 00003000 08:02 523042     /usr/lib/libXtst.so.6.1.0
00422000-00423000 rw-p 00004000 08:02 523042     /usr/lib/libXtst.so.6.1.0
00426000-00439000 r-xp 00000000 08:02 395528     /lib/libnsl-2.12.1.so
00439000-0043a000 r--p 00012000 08:02 395528     /lib/libnsl-2.12.1.so
0043a000-0043b000 rw-p 00013000 08:02 395528     /lib/libnsl-2.12.1.so
0043b000-0043d000 rw-p 00000000 00:00 0 
00456000-00464000 r-xp 00000000 08:02 523014     /usr/lib/libXext.so.6.4.0
00464000-00465000 r--p 0000d000 08:02 523014     /usr/lib/libXext.so.6.4.0
00465000-00466000 rw-p 0000e000 08:02 523014     /usr/lib/libXext.so.6.4.0
00466000-0057f000 r-xp 00000000 08:02 522997     /usr/lib/libX11.so.6.3.0
0057f000-00580000 r--p 00118000 08:02 522997     /usr/lib/libX11.so.6.3.0
00580000-00582000 rw-p 00119000 08:02 522997     /usr/lib/libX11.so.6.3.0
00582000-00583000 rw-p 00000000 00:00 0 
00583000-005f5000 r-xp 00000000 08:02 521694     /usr/lib/libfreetype.so.6.6.0
005f5000-005f9000 r--p 00071000 08:02 521694     /usr/lib/libfreetype.so.6.6.0
005f9000-005fa000 rw-p 00075000 08:02 521694     /usr/lib/libfreetype.so.6.6.0
00606000-00649000 r-xp 00000000 08:02 540423     /usr/lib/jvm/java-6-openjdk/jre/lib/i386/xawt/libmawt.so
00649000-0064a000 r--p 00042000 08:02 540423     /usr/lib/jvm/java-6-openjdk/jre/lib/i386/xawt/libmawt.so
0064a000-0064c000 rw-p 00043000 08:02 540423     /usr/lib/jvm/java-6-openjdk/jre/lib/i386/xawt/libmawt.so
0064c000-0064d000 rw-p 00000000 00:00 0 
007ba000-007bb000 r-xp 00000000 00:00 0          [vdso]
007c2000-007cd000 r-xp 00000000 08:02 539940     /usr/lib/jvm/java-6-openjdk/jre/lib/i386/libverify.so
007cd000-007ce000 ---p 0000b000 08:02 539940     /usr/lib/jvm/java-6-openjdk/jre/lib/i386/libverify.so
007ce000-007cf000 r--p 0000b000 08:02 539940     /usr/lib/jvm/java-6-openjdk/jre/lib/i386/libverify.so
007cf000-007d0000 rw-p 0000c000 08:02 539940     /usr/lib/jvm/java-6-openjdk/jre/lib/i386/libverify.so
0084b000-00860000 r-xp 00000000 08:02 395536     /lib/libpthread-2.12.1.so
00860000-00861000 ---p 00015000 08:02 395536     /lib/libpthread-2.12.1.so
00861000-00862000 r--p 00015000 08:02 395536     /lib/libpthread-2.12.1.so
00862000-00863000 rw-p 00016000 08:02 395536     /lib/libpthread-2.12.1.so
00863000-00865000 rw-p 00000000 00:00 0 
008ae000-008b2000 r-xp 00000000 08:02 523016     /usr/lib/libXfixes.so.3.1.0
008b2000-008b3000 r--p 00003000 08:02 523016     /usr/lib/libXfixes.so.3.1.0
008b3000-008b4000 rw-p 00004000 08:02 523016     /usr/lib/libXfixes.so.3.1.0
009f4000-009f6000 r-xp 00000000 08:02 395525     /lib/libdl-2.12.1.so
009f6000-009f7000 r--p 00001000 08:02 395525     /lib/libdl-2.12.1.so
009f7000-009f8000 rw-p 00002000 08:02 395525     /lib/libdl-2.12.1.so
00a31000-00a44000 r-xp 00000000 08:02 391111     /lib/libz.so.1.2.3.4
00a44000-00a45000 r--p 00012000 08:02 391111     /lib/libz.so.1.2.3.4
00a45000-00a46000 rw-p 00013000 08:02 391111     /lib/libz.so.1.2.3.4
00b7a000-00b82000 r-xp 00000000 08:02 523036     /usr/lib/libXrender.so.1.3.0
00b82000-00b83000 r--p 00007000 08:02 523036     /usr/lib/libXrender.so.1.3.0
00b83000-00b84000 rw-p 00008000 08:02 523036     /usr/lib/libXrender.so.1.3.0
00baa000-00bb4000 r-xp 00000000 08:02 395531     /lib/libnss_files-2.12.1.so
00bb4000-00bb5000 r--p 00009000 08:02 395531     /lib/libnss_files-2.12.1.so
00bb5000-00bb6000 rw-p 0000a000 08:02 395531     /lib/libnss_files-2.12.1.so
00bb6000-00bda000 r-xp 00000000 08:02 395526     /lib/libm-2.12.1.so
00bda000-00bdb000 r--p 00023000 08:02 395526     /lib/libm-2.12.1.so
00bdb000-00bdc000 rw-p 00024000 08:02 395526     /lib/libm-2.12.1.so
00bed000-00bf9000 r-xp 00000000 08:02 523022     /usr/lib/libXi.so.6.1.0
00bf9000-00bfa000 r--p 0000b000 08:02 523022     /usr/lib/libXi.so.6.1.0
00bfa000-00bfb000 rw-p 0000c000 08:02 523022     /usr/lib/libXi.so.6.1.0
00c9d000-00ce1000 r-xp 00000000 08:02 539950     /usr/lib/jvm/java-6-openjdk/jre/lib/i386/libfontmanager.so
00ce1000-00ce3000 r--p 00043000 08:02 539950     /usr/lib/jvm/java-6-openjdk/jre/lib/i386/libfontmanager.so
00ce3000-00ce4000 rw-p 00045000 08:02 539950     /usr/lib/jvm/java-6-openjdk/jre/lib/i386/libfontmanager.so
00ce4000-00ce9000 rw-p 00000000 00:00 0 
00d41000-00d5d000 r-xp 00000000 08:02 395519     /lib/ld-2.12.1.so
00d5d000-00d5e000 r--p 0001b000 08:02 395519     /lib/ld-2.12.1.so
00d5e000-00d5f000 rw-p 0001c000 08:02 395519     /lib/ld-2.12.1.so
00d5f000-011b2000 r-xp 00000000 08:02 539928     /usr/lib/jvm/java-6-openjdk/jre/lib/i386/client/libjvm.so
011b2000-011c9000 r--p 00453000 08:02 539928     /usr/lib/jvm/java-6-openjdk/jre/lib/i386/client/libjvm.so
011c9000-011d6000 rw-p 0046a000 08:02 539928     /usr/lib/jvm/java-6-openjdk/jre/lib/i386/client/libjvm.so
011d6000-015f2000 rw-p 00000000 00:00 0 
08048000-08051000 r-xp 00000000 08:02 539881     /usr/lib/jvm/java-6-openjdk/jre/bin/java
08051000-08052000 r--p 00008000 08:02 539881     /usr/lib/jvm/java-6-openjdk/jre/bin/java
08052000-08053000 rw-p 00009000 08:02 539881     /usr/lib/jvm/java-6-openjdk/jre/bin/java
0974e000-098ca000 rw-p 00000000 00:00 0          [heap]
706c0000-70bf0000 rw-p 00000000 00:00 0 
70bf0000-7acc0000 rw-p 00000000 00:00 0 
7acc0000-7b720000 rw-p 00000000 00:00 0 
7b720000-8f8c0000 rw-p 00000000 00:00 0 
8f8c0000-904c0000 rw-p 00000000 00:00 0 
904c0000-938c0000 rw-p 00000000 00:00 0 
938c0000-94019000 r--s 00001000 08:02 540456     /usr/lib/jvm/java-6-openjdk/jre/lib/i386/client/classes.jsa
94019000-942c0000 rw-p 00000000 00:00 0 
942c0000-94a01000 rw-p 0075a000 08:02 540456     /usr/lib/jvm/java-6-openjdk/jre/lib/i386/client/classes.jsa
94a01000-94ec0000 rw-p 00000000 00:00 0 
94ec0000-94fbb000 rw-p 00e9b000 08:02 540456     /usr/lib/jvm/java-6-openjdk/jre/lib/i386/client/classes.jsa
94fbb000-952c0000 rw-p 00000000 00:00 0 
952c0000-952c8000 r-xs 00f96000 08:02 540456     /usr/lib/jvm/java-6-openjdk/jre/lib/i386/client/classes.jsa
952c8000-956c0000 rw-p 00000000 00:00 0 
b4400000-b4403000 ---p 00000000 00:00 0 
b4403000-b4451000 rw-p 00000000 00:00 0 
b4451000-b4454000 ---p 00000000 00:00 0 
b4454000-b44a2000 rw-p 00000000 00:00 0 
b44a2000-b4504000 rw-s 00000000 00:04 68485150   /SYSV00000000 (deleted)
b4504000-b451a000 r--s 00000000 08:02 147839     /usr/share/fonts/type1/gsfonts/n022024l.pfb
b451a000-b452c000 r--s 00000000 08:02 147797     /usr/share/fonts/type1/gsfonts/n019004l.pfb
b452c000-b4546000 r--s 00000000 08:02 147779     /usr/share/fonts/type1/gsfonts/c059013l.pfb
b4546000-b4558000 r--s 00000000 08:02 147776     /usr/share/fonts/type1/gsfonts/b018035l.pfb
b4558000-b4564000 r--s 00000000 08:02 147791     /usr/share/fonts/type1/gsfonts/d050000l.pfb
b4564000-b457d000 r--s 00000000 08:02 147818     /usr/share/fonts/type1/gsfonts/n021003l.pfb
b457d000-b458e000 r--s 00000000 08:02 147800     /usr/share/fonts/type1/gsfonts/n019023l.pfb
b458e000-b459e000 r--s 00000000 08:02 147761     /usr/share/fonts/type1/gsfonts/a010033l.pfb
b459e000-b45b9000 r--s 00000000 08:02 147845     /usr/share/fonts/type1/gsfonts/p052004l.pfb
b45b9000-b45d5000 r--s 00000000 08:02 147851     /usr/share/fonts/type1/gsfonts/p052024l.pfb
b45d5000-b45ec000 r--s 00000000 08:02 147824     /usr/share/fonts/type1/gsfonts/n021023l.pfb
b45ec000-b4605000 r--s 00000000 08:02 147821     /usr/share/fonts/type1/gsfonts/n021004l.pfb
b4605000-b461a000 r--s 00000000 08:02 147773     /usr/share/fonts/type1/gsfonts/b018032l.pfb
b461a000-b4630000 r--s 00000000 08:02 147827     /usr/share/fonts/type1/gsfonts/n021024l.pfb
b4630000-b4646000 r--s 00000000 08:02 147836     /usr/share/fonts/type1/gsfonts/n022023l.pfb
b4646000-b4661000 r--s 00000000 08:02 147848     /usr/share/fonts/type1/gsfonts/p052023l.pfb
b4661000-b467c000 r--s 00000000 08:02 147842     /usr/share/fonts/type1/gsfonts/p052003l.pfb
b467c000-b4695000 r--s 00000000 08:02 147833     /usr/share/fonts/type1/gsfonts/n022004l.pfb
b4695000-b46ad000 r--s 00000000 08:02 147830     /usr/share/fonts/type1/gsfonts/n022003l.pfb
b46ad000-b46c1000 r--s 00000000 08:02 147794     /usr/share/fonts/type1/gsfonts/n019003l.pfb
b46c1000-b46dc000 r--s 00000000 08:02 147782     /usr/share/fonts/type1/gsfonts/c059016l.pfb
b46dc000-b46ed000 r--s 00000000 08:02 147764     /usr/share/fonts/type1/gsfonts/a010035l.pfb
b46ed000-b46ff000 r--s 00000000 08:02 147806     /usr/share/fonts/type1/gsfonts/n019043l.pfb
b4716000-b472d000 r--s 00000000 08:02 147857     /usr/share/fonts/type1/gsfonts/z003034l.pfb
b472d000-b4745000 r--s 00000000 08:02 147785     /usr/share/fonts/type1/gsfonts/c059033l.pfb
b4745000-b4756000 r--s 00000000 08:02 147803     /usr/share/fonts/type1/gsfonts/n019024l.pfb
b4756000-b4769000 r--s 00000000 08:02 147815     /usr/share/fonts/type1/gsfonts/n019064l.pfb
b4769000-b477c000 r--s 00000000 08:02 147770     /usr/share/fonts/type1/gsfonts/b018015l.pfb
b477c000-b4786000 r--s 00000000 08:02 271073     /usr/share/fonts/type1/mathml/Symbol.pfb
b4786000-b4790000 r--s 00000000 08:02 147123     /usr/share/fonts/X11/Type1/c0582bt_.pfb
b4790000-b479a000 r--s 00000000 08:02 147127     /usr/share/fonts/X11/Type1/c0611bt_.pfb
b479a000-b47a4000 r--s 00000000 08:02 147121     /usr/share/fonts/X11/Type1/c0419bt_.pfb
b47a4000-b47ad000 r--s 00000000 08:02 147135     /usr/share/fonts/X11/Type1/c0649bt_.pfb
b47ad000-b47b6000 r--s 00000000 08:02 147131     /usr/share/fonts/X11/Type1/c0633bt_.pfb
b47b6000-b47bf000 r--s 00000000 08:02 147133     /usr/share/fonts/X11/Type1/c0648bt_.pfb
b47bf000-b47c9000 r--s 00000000 08:02 147125     /usr/share/fonts/X11/Type1/c0583bt_.pfb
b47c9000-b47d2000 r--s 00000000 08:02 147129     /usr/share/fonts/X11/Type1/c0632bt_.pfb
b47d2000-b47ef000 r--s 00000000 08:02 180718     /usr/share/texmf/fonts/type1/public/lm/lmssqbx8.pfb
b47ef000-b4810000 r--s 00000000 08:02 180670     /usr/share/texmf/fonts/type1/public/lm/lmcsco10.pfb
b4810000-b482b000 r--s 00000000 08:02 180735     /usr/share/texmf/fonts/type1/public/lm/lmtt12.pfb
b482b000-b484a000 r--s 00000000 08:02 180717     /usr/share/texmf/fonts/type1/public/lm/lmssqbo8.pfb
b484a000-b4869000 r--s 00000000 08:02 180698     /usr/share/texmf/fonts/type1/public/lm/lmro12.pfb
b4869000-b4884000 r--s 00000000 08:02 180726     /usr/share/texmf/fonts/type1/public/lm/lmtcsc10.pfb
b4884000-b48a0000 r--s 00000000 08:02 180692     /usr/share/texmf/fonts/type1/public/lm/lmri10.pfb
b48a0000-b48c4000 r--s 00000000 08:02 180672     /usr/share/texmf/fonts/type1/public/lm/lmduno10.pfb
b48c4000-b48cb000 r--s 00000000 08:02 180723     /usr/share/texmf/fonts/type1/public/lm/lmsy7.pfb
b48cb000-b48ea000 r--s 00000000 08:02 180663     /usr/share/texmf/fonts/type1/public/lm/lmbx6.pfb
b48ea000-b4909000 r--s 00000000 08:02 180733     /usr/share/texmf/fonts/type1/public/lm/lmtlo10.pfb
b4909000-b4926000 r--s 00000000 08:02 180728     /usr/share/texmf/fonts/type1/public/lm/lmtk10.pfb
b4926000-b4946000 r--s 00000000 08:02 180727     /usr/share/texmf/fonts/type1/public/lm/lmtcso10.pfb
b4946000-b4961000 r--s 00000000 08:02 180714     /usr/share/texmf/fonts/type1/public/lm/lmsso8.pfb
b4961000-b497d000 r--s 00000000 08:02 180694     /usr/share/texmf/fonts/type1/public/lm/lmri7.pfb
b497d000-b4984000 r--s 00000000 08:02 180720     /usr/share/texmf/fonts/type1/public/lm/lmsy10.pfb
b4984000-b49a6000 r--s 00000000 08:02 180744     /usr/share/texmf/fonts/type1/public/lm/lmvtlo10.pfb
b49a6000-b49c4000 r--s 00000000 08:02 180660     /usr/share/texmf/fonts/type1/public/lm/lmbx10.pfb
b49c4000-b49de000 r--s 00000000 08:02 180730     /usr/share/texmf/fonts/type1/public/lm/lmtl10.pfb
b49de000-b49e5000 r--s 00000000 08:02 180657     /usr/share/texmf/fonts/type1/public/lm/lmbsy10.pfb
b49e5000-b4a04000 r--s 00000000 08:02 180655     /usr/share/texmf/fonts/type1/public/lm/lmb10.pfb
b4a04000-b4a22000 r--s 00000000 08:02 180691     /usr/share/texmf/fonts/type1/public/lm/lmr9.pfb
b4a22000-b4a3a000 r--s 00000000 08:02 180703     /usr/share/texmf/fonts/type1/public/lm/lmss12.pfb
b4a3a000-b4a41000 r--s 00000000 08:02 180722     /usr/share/texmf/fonts/type1/public/lm/lmsy6.pfb
b4a41000-b4a64000 r--s 00000000 08:02 180729     /usr/share/texmf/fonts/type1/public/lm/lmtko10.pfb
b4a64000-b4a80000 r--s 00000000 08:02 180740     /usr/share/texmf/fonts/type1/public/lm/lmu10.pfb
b4a80000-b4a99000 r--s 00000000 08:02 180738     /usr/share/texmf/fonts/type1/public/lm/lmtti10.pfb
b4a99000-b4ab4000 r--s 00000000 08:02 180711     /usr/share/texmf/fonts/type1/public/lm/lmsso10.pfb
b4ab4000-b4abc000 r--s 00000000 08:02 180682     /usr/share/texmf/fonts/type1/public/lm/lmmib5.pfb
b4abc000-b4ad9000 r--s 00000000 08:02 180745     /usr/share/texmf/fonts/type1/public/lm/lmvtt10.pfb
b4ad9000-b4af8000 r--s 00000000 08:02 180666     /usr/share/texmf/fonts/type1/public/lm/lmbx9.pfb
b4af8000-b4b16000 r--s 00000000 08:02 180664     /usr/share/texmf/fonts/type1/public/lm/lmbx7.pfb
b4b16000-b4b31000 r--s 00000000 08:02 180712     /usr/share/texmf/fonts/type1/public/lm/lmsso12.pfb
b4b31000-b4b53000 r--s 00000000 08:02 180732     /usr/share/texmf/fonts/type1/public/lm/lmtlco10.pfb
b4b53000-b4b6e000 r--s 00000000 08:02 180695     /usr/share/texmf/fonts/type1/public/lm/lmri8.pfb
b4b6e000-b4b76000 r--s 00000000 08:02 180659     /usr/share/texmf/fonts/type1/public/lm/lmbsy7.pfb
b4bb3000-b4c7d000 rw-p 00000000 00:00 0 
b4c7e000-b4c85000 r--s 00000000 08:02 180724     /usr/share/texmf/fonts/type1/public/lm/lmsy8.pfb
b4caf000-b4cb2000 ---p 00000000 00:00 0 
b4cb2000-b4d00000 rw-p 00000000 00:00 0 
b4d00000-b4df2000 rw-p 00000000 00:00 0 
b4df2000-b4e00000 ---p 00000000 00:00 0 
b4e02000-b4e03000 r--p 00000000 00:00 0 
b4e03000-b4e06000 ---p 00000000 00:00 0 
b4e06000-b4e54000 rw-p 00000000 00:00 0 
b4e54000-b4e57000 ---p 00000000 00:00 0 
b4e57000-b4ea5000 rw-p 00000000 00:00 0 
b4ea5000-b4eab000 r--s 000fc000 08:02 539406     /usr/lib/jvm/java-6-openjdk/jre/lib/resources.jar
b4eab000-b4eac000 r--s 00000000 08:02 186925     /var/cache/fontconfig/c05880de57d1f5e948fdfacc138775d9-le32d4.cache-3
b4eac000-b4eb2000 r--s 00000000 08:02 161777     /var/cache/fontconfig/945677eb7aeaf62f1d50efc3fb3ec7d8-le32d4.cache-3
b4eb2000-b4eb5000 r--s 00000000 08:02 186923     /var/cache/fontconfig/99e8ed0e538f840c565b6ed5dad60d56-le32d4.cache-3
b4eb5000-b4eb8000 r--s 00000000 08:02 186922     /var/cache/fontconfig/e383d7ea5fbe662a33d9b44caf393297-le32d4.cache-3
b4eb8000-b4ebb000 r--s 00000000 08:02 186921     /var/cache/fontconfig/2cd17615ca594fa2959ae173292e504c-le32d4.cache-3
b4ebb000-b4ebc000 r--s 00000000 08:02 186920     /var/cache/fontconfig/e7071f4a29fa870f4323321c154eba04-le32d4.cache-3
b4ebc000-b4ebf000 r--s 00000000 08:02 186919     /var/cache/fontconfig/6eb3985aa4124903f6ff08ba781cd364-le32d4.cache-3
b4ebf000-b4ec0000 r--s 00000000 08:02 186918     /var/cache/fontconfig/4c73fe0c47614734b17d736dbde7580a-le32d4.cache-3
b4ec0000-b4ec1000 r--s 00000000 08:02 186917     /var/cache/fontconfig/0d8c3b2ac0904cb8a57a757ad11a4a08-le32d4.cache-3
b4ec1000-b4ec2000 r--s 00000000 08:02 186916     /var/cache/fontconfig/6a53c69dea097a2d716e069445527da8-le32d4.cache-3
b4ec2000-b4ec6000 r--s 00000000 08:02 186915     /var/cache/fontconfig/a755afe4a08bf5b97852ceb7400b47bc-le32d4.cache-3
b4ec6000-b4ecd000 r--s 00000000 08:02 186914     /var/cache/fontconfig/6d41288fd70b0be22e8c3a91e032eec0-le32d4.cache-3
b4ecd000-b4ed8000 r--s 00000000 08:02 186913     /var/cache/fontconfig/0f34bcd4b6ee430af32735b75db7f02b-le32d4.cache-3
b4ed8000-b4edb000 r--s 00000000 08:02 186912     /var/cache/fontconfig/d60319d88cac85ba9e1a07bd06cfbb8c-le32d4.cache-3
b4edb000-b4edc000 r--s 00000000 08:02 186911     /var/cache/fontconfig/4794a0821666d79190d59a36cb4f44b5-le32d4.cache-3
b4edc000-b4ee4000 r--s 00000000 08:02 186910     /var/cache/fontconfig/d52a8644073d54c13679302ca1180695-le32d4.cache-3
b4ee4000-b4ee8000 r--s 00000000 08:02 186908     /var/cache/fontconfig/fe8988ddc61812599be5dc0a66ed76d0-le32d4.cache-3
b4ee8000-b4ef1000 r--s 00000000 08:02 186909     /var/cache/fontconfig/089dead882dea3570ffc31a9898cfb69-le32d4.cache-3
b4ef1000-b4ef4000 r--s 00000000 08:02 169109     /var/cache/fontconfig/cabbd14511b9e8a55e92af97fb3a0461-le32d4.cache-3
b4ef4000-b4efc000 r--s 00000000 08:02 169117     /var/cache/fontconfig/e13b20fdb08344e0e664864cc2ede53d-le32d4.cache-3
b4efc000-b4eff000 r--s 00000000 08:02 161779     /var/cache/fontconfig/7ef2298fde41cc6eeb7af42e48b7d293-le32d4.cache-3
b4eff000-b4f0d000 r--s 00000000 08:02 161767     /var/cache/fontconfig/865f88548240fee46819705c6468c165-le32d4.cache-3
b4f0d000-b4f0e000 r--s 00000000 08:02 186925     /var/cache/fontconfig/c05880de57d1f5e948fdfacc138775d9-le32d4.cache-3
b4f0e000-b4f14000 r--s 00000000 08:02 161777     /var/cache/fontconfig/945677eb7aeaf62f1d50efc3fb3ec7d8-le32d4.cache-3
b4f14000-b4f17000 r--s 00000000 08:02 186923     /var/cache/fontconfig/99e8ed0e538f840c565b6ed5dad60d56-le32d4.cache-3
b4f17000-b4f1a000 r--s 00000000 08:02 186922     /var/cache/fontconfig/e383d7ea5fbe662a33d9b44caf393297-le32d4.cache-3
b4f1a000-b4f1d000 r--s 00000000 08:02 186921     /var/cache/fontconfig/2cd17615ca594fa2959ae173292e504c-le32d4.cache-3
b4f1d000-b4f1e000 r--s 00000000 08:02 186920     /var/cache/fontconfig/e7071f4a29fa870f4323321c154eba04-le32d4.cache-3
b4f1e000-b4f21000 r--s 00000000 08:02 186919     /var/cache/fontconfig/6eb3985aa4124903f6ff08ba781cd364-le32d4.cache-3
b4f21000-b4f22000 r--s 00000000 08:02 186918     /var/cache/fontconfig/4c73fe0c47614734b17d736dbde7580a-le32d4.cache-3
b4f22000-b4f23000 r--s 00000000 08:02 186917     /var/cache/fontconfig/0d8c3b2ac0904cb8a57a757ad11a4a08-le32d4.cache-3
b4f23000-b4f24000 r--s 00000000 08:02 186916     /var/cache/fontconfig/6a53c69dea097a2d716e069445527da8-le32d4.cache-3
b4f24000-b4f28000 r--s 00000000 08:02 186915     /var/cache/fontconfig/a755afe4a08bf5b97852ceb7400b47bc-le32d4.cache-3
b4f28000-b4f2f000 r--s 00000000 08:02 186914     /var/cache/fontconfig/6d41288fd70b0be22e8c3a91e032eec0-le32d4.cache-3
b4f2f000-b4f3a000 r--s 00000000 08:02 186913     /var/cache/fontconfig/0f34bcd4b6ee430af32735b75db7f02b-le32d4.cache-3
b4f3a000-b4f3d000 r--s 00000000 08:02 186912     /var/cache/fontconfig/d60319d88cac85ba9e1a07bd06cfbb8c-le32d4.cache-3
b4f3d000-b4f3e000 r--s 00000000 08:02 186911     /var/cache/fontconfig/4794a0821666d79190d59a36cb4f44b5-le32d4.cache-3
b4f3e000-b4f46000 r--s 00000000 08:02 186910     /var/cache/fontconfig/d52a8644073d54c13679302ca1180695-le32d4.cache-3
b4f46000-b4f4a000 r--s 00000000 08:02 186908     /var/cache/fontconfig/fe8988ddc61812599be5dc0a66ed76d0-le32d4.cache-3
b4f4a000-b4f53000 r--s 00000000 08:02 186909     /var/cache/fontconfig/089dead882dea3570ffc31a9898cfb69-le32d4.cache-3
b4f53000-b4f56000 r--s 00000000 08:02 169109     /var/cache/fontconfig/cabbd14511b9e8a55e92af97fb3a0461-le32d4.cache-3
b4f56000-b4f5e000 r--s 00000000 08:02 169117     /var/cache/fontconfig/e13b20fdb08344e0e664864cc2ede53d-le32d4.cache-3
b4f5e000-b4f61000 r--s 00000000 08:02 161779     /var/cache/fontconfig/7ef2298fde41cc6eeb7af42e48b7d293-le32d4.cache-3
b4f61000-b4f6f000 r--s 00000000 08:02 161767     /var/cache/fontconfig/865f88548240fee46819705c6468c165-le32d4.cache-3
b4f6f000-b4f72000 ---p 00000000 00:00 0 
b4f72000-b4fc0000 rw-p 00000000 00:00 0 
b4fc0000-b4fc7000 r--s 00094000 08:02 179197     /usr/share/java/beansbinding-1.2.1.jar
b4fc7000-b4fcf000 r--s 00066000 08:02 170302     /usr/share/java/gnome-java-bridge.jar
b4fcf000-b4fd4000 r--s 00309000 08:02 524135     /usr/lib/jvm/java-6-openjdk/jre/lib/ext/sqlite-jdbc-3.7.2.jar
b4fd4000-b4fd7000 r--s 0000f000 08:02 539397     /usr/lib/jvm/java-6-openjdk/jre/lib/ext/pulse-java.jar
b4fd7000-b4fd8000 ---p 00000000 00:00 0 
b4fd8000-b5058000 rw-p 00000000 00:00 0 
b5058000-b505b000 ---p 00000000 00:00 0 
b505b000-b50a9000 rw-p 00000000 00:00 0 
b50a9000-b50ac000 ---p 00000000 00:00 0 
b50ac000-b512a000 rw-p 00000000 00:00 0 
b512a000-b512d000 ---p 00000000 00:00 0 
b512d000-b517b000 rw-p 00000000 00:00 0 
b517b000-b52f3000 r--p 00000000 08:02 1199       /usr/lib/locale/locale-archive
b52f3000-b52f6000 ---p 00000000 00:00 0 
b52f6000-b5344000 rw-p 00000000 00:00 0 
b5344000-b5347000 ---p 00000000 00:00 0 
b5347000-b5395000 rw-p 00000000 00:00 0 
b5395000-b5396000 ---p 00000000 00:00 0 
b5396000-b5416000 rw-p 00000000 00:00 0 
b5416000-b5418000 r--s 0001d000 08:02 539369     /usr/lib/jvm/java-6-openjdk/jre/lib/plugin.jar
b5418000-b541d000 r--s 00044000 08:02 539373     /usr/lib/jvm/java-6-openjdk/jre/lib/netx.jar
b541d000-b5450000 rw-p 00000000 00:00 0 
b5450000-b55df000 r--s 038c2000 08:02 539953     /usr/lib/jvm/java-6-openjdk/jre/lib/rt.jar
b55df000-b55ed000 rw-p 00000000 00:00 0 
b55ed000-b5607000 rw-p 00000000 00:00 0 
b5607000-b560d000 rw-p 00000000 00:00 0 
b560d000-b56ae000 rw-p 00000000 00:00 0 
b56ae000-b56b1000 rw-p 00000000 00:00 0 
b56b1000-b5701000 rw-p 00000000 00:00 0 
b5701000-b5707000 rw-p 00000000 00:00 0 
b5707000-b57a7000 rw-p 00000000 00:00 0 
b57a7000-b57ad000 rw-p 00000000 00:00 0 
b57ad000-b57c7000 rw-p 00000000 00:00 0 
b57c7000-b57d7000 rw-p 00000000 00:00 0 
b57d7000-b5853000 rw-p 00000000 00:00 0 
b5853000-b592b000 rwxp 00000000 00:00 0 
b592b000-b7853000 rw-p 00000000 00:00 0 
b7853000-b7856000 ---p 00000000 00:00 0 
b7856000-b78a7000 rw-p 00000000 00:00 0 
b78a7000-b78a8000 r--p 00177000 08:02 1199       /usr/lib/locale/locale-archive
b78a8000-b78ae000 rw-p 00000000 00:00 0 
b78ae000-b78b6000 rw-s 00000000 08:02 143131     /tmp/hsperfdata_mingo/28895
b78b6000-b78b7000 rw-p 00000000 00:00 0 
b78b7000-b78b8000 ---p 00000000 00:00 0 
b78b8000-b78ba000 rw-p 00000000 00:00 0 
bfeb8000-bfed9000 rw-p 00000000 00:00 0          [stack]

VM Arguments:
jvm_args: -Dfile.encoding=UTF-8 
java_command: testclient.NewMain
Launcher Type: SUN_STANDARD

Environment Variables:
PATH=/usr/local/sbin:/usr/local/bin:/usr/sbin:/usr/bin:/sbin:/bin:/usr/games
USERNAME=mingo
LD_LIBRARY_PATH=/usr/lib/jvm/java-6-openjdk/jre/lib/i386/client:/usr/lib/jvm/java-6-openjdk/jre/lib/i386:/usr/lib/jvm/java-6-openjdk/jre/../lib/i386
SHELL=/bin/bash
DISPLAY=:0.0

Signal Handlers:
SIGSEGV: [libjvm.so+0x3ea1b0], sa_mask[0]=0x7ffbfeff, sa_flags=0x10000004
SIGBUS: [libjvm.so+0x3ea1b0], sa_mask[0]=0x7ffbfeff, sa_flags=0x10000004
SIGFPE: [libjvm.so+0x30d250], sa_mask[0]=0x7ffbfeff, sa_flags=0x10000004
SIGPIPE: [libjvm.so+0x30d250], sa_mask[0]=0x7ffbfeff, sa_flags=0x10000004
SIGXFSZ: [libjvm.so+0x30d250], sa_mask[0]=0x7ffbfeff, sa_flags=0x10000004
SIGILL: [libjvm.so+0x30d250], sa_mask[0]=0x7ffbfeff, sa_flags=0x10000004
SIGUSR1: SIG_DFL, sa_mask[0]=0x00000000, sa_flags=0x00000000
SIGUSR2: [libjvm.so+0x30c900], sa_mask[0]=0x00000004, sa_flags=0x10000004
SIGHUP: [libjvm.so+0x30f470], sa_mask[0]=0x7ffbfeff, sa_flags=0x10000004
SIGINT: SIG_IGN, sa_mask[0]=0x00000000, sa_flags=0x00000000
SIGTERM: [libjvm.so+0x30f470], sa_mask[0]=0x7ffbfeff, sa_flags=0x10000004
SIGQUIT: [libjvm.so+0x30f470], sa_mask[0]=0x7ffbfeff, sa_flags=0x10000004


---------------  S Y S T E M  ---------------

OS:Ubuntu 10.10 (maverick)
uname:Linux 2.6.35-28-generic #49-Ubuntu SMP Tue Mar 1 14:40:58 UTC 2011 i686
libc:glibc 2.12.1 NPTL 2.12.1 
rlimit: STACK 8192k, CORE 0k, NPROC infinity, NOFILE 1024, AS infinity
load average:1.44 1.10 0.90

/proc/meminfo:
MemTotal:        1017536 kB
MemFree:           37212 kB
Buffers:           14340 kB
Cached:           431188 kB
SwapCached:        15856 kB
Active:           454040 kB
Inactive:         450584 kB
Active(anon):     333152 kB
Inactive(anon):   270144 kB
Active(file):     120888 kB
Inactive(file):   180440 kB
Unevictable:           0 kB
Mlocked:               0 kB
HighTotal:        131016 kB
HighFree:            240 kB
LowTotal:         886520 kB
LowFree:           36972 kB
SwapTotal:       1951740 kB
SwapFree:        1842412 kB
Dirty:              1080 kB
Writeback:             0 kB
AnonPages:        448424 kB
Mapped:           141056 kB
Shmem:            144196 kB
Slab:              25316 kB
SReclaimable:      14020 kB
SUnreclaim:        11296 kB
KernelStack:        3112 kB
PageTables:         6900 kB
NFS_Unstable:          0 kB
Bounce:                0 kB
WritebackTmp:          0 kB
CommitLimit:     2460508 kB
Committed_AS:    1885336 kB
VmallocTotal:     122880 kB
VmallocUsed:       35664 kB
VmallocChunk:      45000 kB
HardwareCorrupted:     0 kB
HugePages_Total:       0
HugePages_Free:        0
HugePages_Rsvd:        0
HugePages_Surp:        0
Hugepagesize:       4096 kB
DirectMap4k:       24568 kB
DirectMap4M:      884736 kB


CPU:total 2 (2 cores per cpu, 1 threads per core) family 6 model 15 stepping 6, cmov, cx8, fxsr, mmx, sse, sse2, sse3, ssse3

Memory: 4k page, physical 1017536k(37212k free), swap 1951740k(1842412k free)

vm_info: OpenJDK Client VM (19.0-b09) for linux-x86 JRE (1.6.0_20-b20), built on Feb 23 2011 09:10:41 by "buildd" with gcc 4.4.5

time: Wed Mar 23 00:29:18 2011
elapsed time: 4 seconds

